########### array before sorts ###########
0	0.000000	0.000000	0.000000	63.500000	n
1	0.000000	63.500000	72.390000	63.500000	n
2	72.390000	63.500000	72.390000	0.000000	n
3	72.390000	0.000000	0.000000	0.000000	n
Tolerance=0.050000.
*Exact match for i=0 and j=1.
*i point 0.000000	0.000000	0.000000	63.500000	y
*Exact match for i=1 and j=2.
*i point 0.000000	63.500000	72.390000	63.500000	y
*Exact match for i=2 and j=3.
*i point 72.390000	63.500000	72.390000	0.000000	y
########### array after sorts ###########
0	0.000000	0.000000	0.000000	63.500000	y
1	0.000000	63.500000	72.390000	63.500000	y
2	72.390000	63.500000	72.390000	0.000000	y
3	72.390000	0.000000	0.000000	0.000000	y
***************
.BOARD_OUTLINE UNOWNED
1.6
0     0.000000     0.000000     0
0     0.000000     63.500000     0
0     72.390000     63.500000     0
0     72.390000     0.000000     0
0     0.000000     0.000000     0
